<?xml version="1.0" encoding="UTF-8"?>
<testsuite name="org.example.AppTest" tests="1" skipped="0" failures="0" errors="0" timestamp="2025-04-15T18:29:05.194Z" hostname="INSML-Y94WYC5X" time="0.001">
  <properties/>
  <testcase name="appHasAGreeting" classname="org.example.AppTest" time="0.001"/>
  <system-out><![CDATA[]]></system-out>
  <system-err><![CDATA[]]></system-err>
</testsuite>
